  AutoPark.cpp
  Bus.cpp
C:\Users\User\source\repos\BusList\BusList\Dlist.h(11,11): error C3646: 'data': unknown override specifier
C:\Users\User\source\repos\BusList\BusList\Dlist.h(11,11): error C4430: missing type specifier - int assumed. Note: C++ does not support default-int
C:\Users\User\source\repos\BusList\BusList\Dlist.h(13,7): error C4430: missing type specifier - int assumed. Note: C++ does not support default-int
C:\Users\User\source\repos\BusList\BusList\Dlist.h(13,18): error C2146: syntax error: missing ')' before identifier 'data'
C:\Users\User\source\repos\BusList\BusList\Dlist.h(13,7): error C3646: 'data': unknown override specifier
C:\Users\User\source\repos\BusList\BusList\Dlist.h(13,7): error C2061: syntax error: identifier 'Bus'
C:\Users\User\source\repos\BusList\BusList\Dlist.h(13,7): error C2610: 'DList::Node::Node(const int)': is not a special member function or comparison operator which can be defaulted
C:\Users\User\source\repos\BusList\BusList\Dlist.h(13,28): error C2059: syntax error: '('
C:\Users\User\source\repos\BusList\BusList\Dlist.h(13,7): error C2059: syntax error: ':'
C:\Users\User\source\repos\BusList\BusList\Dlist.h(13,7): error C2334: unexpected token(s) preceding ':'; skipping apparent function body
C:\Users\User\source\repos\BusList\BusList\Dlist.h(18,8): error C2059: syntax error: ')'
C:\Users\User\source\repos\BusList\BusList\Dlist.h(18,19): error C2238: unexpected token(s) preceding ';'
C:\Users\User\source\repos\BusList\BusList\Dlist.h(19,27): error C4430: missing type specifier - int assumed. Note: C++ does not support default-int
C:\Users\User\source\repos\BusList\BusList\Dlist.h(19,27): error C2146: syntax error: missing ')' before identifier 'data'
C:\Users\User\source\repos\BusList\BusList\Dlist.h(19,31): error C3646: 'data': unknown override specifier
C:\Users\User\source\repos\BusList\BusList\Dlist.h(19,31): error C2059: syntax error: ')'
C:\Users\User\source\repos\BusList\BusList\Dlist.h(20,26): error C4430: missing type specifier - int assumed. Note: C++ does not support default-int
C:\Users\User\source\repos\BusList\BusList\Dlist.h(20,26): error C2146: syntax error: missing ')' before identifier 'data'
C:\Users\User\source\repos\BusList\BusList\Dlist.h(20,30): error C3646: 'data': unknown override specifier
C:\Users\User\source\repos\BusList\BusList\Dlist.h(20,30): error C2059: syntax error: ')'
C:\Users\User\source\repos\BusList\BusList\Dlist.h(23,32): error C4430: missing type specifier - int assumed. Note: C++ does not support default-int
C:\Users\User\source\repos\BusList\BusList\Dlist.h(23,32): error C2146: syntax error: missing ')' before identifier 'data'
C:\Users\User\source\repos\BusList\BusList\Dlist.h(23,36): error C3646: 'data': unknown override specifier
C:\Users\User\source\repos\BusList\BusList\Dlist.h(23,36): error C2059: syntax error: ')'
C:\Users\User\source\repos\BusList\BusList\Dlist.h(36,29): error C4596: 'pushFront': illegal qualified name in member declaration
C:\Users\User\source\repos\BusList\BusList\Dlist.h(36,40): error C4430: missing type specifier - int assumed. Note: C++ does not support default-int
C:\Users\User\source\repos\BusList\BusList\Dlist.h(36,40): error C2146: syntax error: missing ')' before identifier 'data'
C:\Users\User\source\repos\BusList\BusList\Dlist.h(36,44): error C3646: 'data': unknown override specifier
C:\Users\User\source\repos\BusList\BusList\Dlist.h(36,44): error C2059: syntax error: ')'
C:\Users\User\source\repos\BusList\BusList\Dlist.h(52,28): error C4596: 'pushBack': illegal qualified name in member declaration
C:\Users\User\source\repos\BusList\BusList\Dlist.h(52,39): error C4430: missing type specifier - int assumed. Note: C++ does not support default-int
C:\Users\User\source\repos\BusList\BusList\Dlist.h(52,39): error C2146: syntax error: missing ')' before identifier 'data'
C:\Users\User\source\repos\BusList\BusList\Dlist.h(52,43): error C3646: 'data': unknown override specifier
C:\Users\User\source\repos\BusList\BusList\Dlist.h(52,43): error C2059: syntax error: ')'
C:\Users\User\source\repos\BusList\BusList\Dlist.h(69,27): error C4596: 'isEmpty': illegal qualified name in member declaration
C:\Users\User\source\repos\BusList\BusList\Dlist.h(75,29): error C4596: 'getSize': illegal qualified name in member declaration
C:\Users\User\source\repos\BusList\BusList\Dlist.h(81,34): error C4596: 'popSomeElement': illegal qualified name in member declaration
C:\Users\User\source\repos\BusList\BusList\Dlist.h(81,45): error C4430: missing type specifier - int assumed. Note: C++ does not support default-int
C:\Users\User\source\repos\BusList\BusList\Dlist.h(81,45): error C2146: syntax error: missing ')' before identifier 'data'
C:\Users\User\source\repos\BusList\BusList\Dlist.h(81,49): error C3646: 'data': unknown override specifier
C:\Users\User\source\repos\BusList\BusList\Dlist.h(81,49): error C2059: syntax error: ')'
C:\Users\User\source\repos\BusList\BusList\Dlist.h(85,25): error C4596: 'print': illegal qualified name in member declaration
C:\Users\User\source\repos\BusList\BusList\Dlist.h(98,26): error C4596: 'printR': illegal qualified name in member declaration
C:\Users\User\source\repos\BusList\BusList\Dlist.h(110,27): error C4596: 'popBack': illegal qualified name in member declaration
C:\Users\User\source\repos\BusList\BusList\Bus.cpp(2,23): error C2838: 'numberBus': illegal qualified name in member declaration
C:\Users\User\source\repos\BusList\BusList\Bus.cpp(5,1): error C3254: 'DList': class contains explicit override '{ctor}' but does not derive from an interface that contains the function declaration
C:\Users\User\source\repos\BusList\BusList\Bus.cpp(5,1): error C2838: '{ctor}': illegal qualified name in member declaration
C:\Users\User\source\repos\BusList\BusList\Bus.cpp(13,1): error C3254: 'DList': class contains explicit override '{ctor}' but does not derive from an interface that contains the function declaration
C:\Users\User\source\repos\BusList\BusList\Bus.cpp(13,1): error C2838: '{ctor}': illegal qualified name in member declaration
C:\Users\User\source\repos\BusList\BusList\Bus.cpp(19,1): error C3254: 'DList': class contains explicit override 'setFullName' but does not derive from an interface that contains the function declaration
C:\Users\User\source\repos\BusList\BusList\Bus.cpp(19,1): error C2838: 'setFullName': illegal qualified name in member declaration
C:\Users\User\source\repos\BusList\BusList\Bus.cpp(34,1): error C3254: 'DList': class contains explicit override 'setNumberRoad' but does not derive from an interface that contains the function declaration
C:\Users\User\source\repos\BusList\BusList\Bus.cpp(34,1): error C2838: 'setNumberRoad': illegal qualified name in member declaration
C:\Users\User\source\repos\BusList\BusList\Bus.cpp(41,1): error C3254: 'DList': class contains explicit override '=' but does not derive from an interface that contains the function declaration
C:\Users\User\source\repos\BusList\BusList\Bus.cpp(41,1): error C2838: '=': illegal qualified name in member declaration
C:\Users\User\source\repos\BusList\BusList\Bus.cpp(49,1): error C3254: 'DList': class contains explicit override '==' but does not derive from an interface that contains the function declaration
C:\Users\User\source\repos\BusList\BusList\Bus.cpp(49,1): error C2838: '==': illegal qualified name in member declaration
C:\Users\User\source\repos\BusList\BusList\Bus.cpp(54,1): error C2804: binary 'operator <<' has too many parameters
C:\Users\User\source\repos\BusList\BusList\Bus.cpp(54,1): error C2333: 'DList::operator <<': error in function declaration; skipping function body
C:\Users\User\source\repos\BusList\BusList\Bus.cpp(61,1): error C2238: unexpected token(s) preceding ';'
C:\Users\User\source\repos\BusList\BusList\Bus.cpp(61,1): fatal error C1004: unexpected end-of-file found
  BusList.cpp
  Generating Code...
